<?xml version="1.0" encoding="UTF-8"?>
<!-- Generated by org.testng.reporters.JUnitXMLReporter -->
<testsuite hostname="admin-PC" name="ChromeTest" tests="5" failures="3" timestamp="6 Aug 2020 17:23:49 GMT" time="193.948" errors="0">
  <testcase name="TC1LoginLogout1" time="18.894" classname="BaseandTestClasses.TC1_LoginLogout1"/>
  <testcase name="TC1LoginLogout2" time="17.966" classname="BaseandTestClasses.TC1_LoginLogout2">
    <failure type="java.lang.AssertionError" message="expected [true] but found [false]">
      <![CDATA[java.lang.AssertionError: expected [true] but found [false]
	at BaseandTestClasses.TC1_LoginLogout2.TC1LoginLogout2(TC1_LoginLogout2.java:61)
... Removed 28 stack frames]]>
    </failure>
  </testcase> <!-- TC1LoginLogout2 -->
  <testcase name="TC1LoginLogout2" time="8.244" classname="BaseandTestClasses.TC1_LoginLogout2">
    <failure type="java.lang.AssertionError" message="expected [true] but found [false]">
      <![CDATA[java.lang.AssertionError: expected [true] but found [false]
	at BaseandTestClasses.TC1_LoginLogout2.TC1LoginLogout2(TC1_LoginLogout2.java:61)
... Removed 28 stack frames]]>
    </failure>
  </testcase> <!-- TC1LoginLogout2 -->
  <testcase name="TC1LoginLogout2" time="31.31" classname="BaseandTestClasses.TC1_LoginLogout2"/>
  <testcase name="TC2AddCustomer" time="55.193" classname="BaseandTestClasses.TC2_AddCustomer">
    <failure type="java.lang.AssertionError" message="expected [true] but found [false]">
      <![CDATA[java.lang.AssertionError: expected [true] but found [false]
	at BaseandTestClasses.TC2_AddCustomer.TC2AddCustomer(TC2_AddCustomer.java:61)
... Removed 28 stack frames]]>
    </failure>
  </testcase> <!-- TC2AddCustomer -->
</testsuite> <!-- ChromeTest -->
