<?xml version="1.0" encoding="UTF-8"?>
<!-- Generated by org.testng.reporters.JUnitXMLReporter -->
<testsuite hostname="admin-PC" name="ChromeTest" tests="5" failures="3" timestamp="3 Aug 2020 19:06:23 GMT" time="385.748" errors="0">
  <testcase name="TC1LoginLogout1" time="77.136" classname="BaseandTestClasses.TC1_LoginLogout1"/>
  <testcase name="TC1LoginLogout2" time="12.303" classname="BaseandTestClasses.TC1_LoginLogout2">
    <failure type="java.lang.AssertionError" message="expected [true] but found [false]">
      <![CDATA[java.lang.AssertionError: expected [true] but found [false]
	at BaseandTestClasses.TC1_LoginLogout2.TC1LoginLogout2(TC1_LoginLogout2.java:44)
... Removed 31 stack frames]]>
    </failure>
  </testcase> <!-- TC1LoginLogout2 -->
  <testcase name="TC1LoginLogout2" time="10.309" classname="BaseandTestClasses.TC1_LoginLogout2">
    <failure type="java.lang.AssertionError" message="expected [true] but found [false]">
      <![CDATA[java.lang.AssertionError: expected [true] but found [false]
	at BaseandTestClasses.TC1_LoginLogout2.TC1LoginLogout2(TC1_LoginLogout2.java:44)
... Removed 31 stack frames]]>
    </failure>
  </testcase> <!-- TC1LoginLogout2 -->
  <testcase name="TC1LoginLogout2" time="23.889" classname="BaseandTestClasses.TC1_LoginLogout2"/>
  <testcase name="TC2AddCustomer" time="84.091" classname="BaseandTestClasses.TC2_AddCustomer">
    <failure type="java.lang.AssertionError" message="expected [true] but found [false]">
      <![CDATA[java.lang.AssertionError: expected [true] but found [false]
	at BaseandTestClasses.TC2_AddCustomer.TC2AddCustomer(TC2_AddCustomer.java:65)
... Removed 31 stack frames]]>
    </failure>
  </testcase> <!-- TC2AddCustomer -->
</testsuite> <!-- ChromeTest -->
